<?xml version="1.0" encoding="UTF-8"?>
<testng-results skipped="0" failed="0" ignored="0" total="0" passed="0">
  <reporter-output>
  </reporter-output>
  <suite name="com.appium.poc.parellelMobileExec.AppTest" duration-ms="6" started-at="2019-08-14T12:23:06Z" finished-at="2019-08-14T12:23:06Z">
    <groups>
    </groups>
    <test name="Command line test" duration-ms="6" started-at="2019-08-14T12:23:06Z" finished-at="2019-08-14T12:23:06Z">
    </test> <!-- Command line test -->
  </suite> <!-- com.appium.poc.parellelMobileExec.AppTest -->
</testng-results>
